warning: unused import: `DateTime`
 --> src/main.rs:9:21
  |
9 | use chrono::{Local, DateTime, SecondsFormat};
  |                     ^^^^^^^^
  |
  = note: `#[warn(unused_imports)]` on by default

warning: `source` (bin "source") generated 1 warning
    Finished dev [unoptimized + debuginfo] target(s) in 0.02s
     Running `target/debug/source`
init device
2022-05-26T14:11:32+02:00 | nb_msg_true : 0 | nb_msg_detected : 0
[1m[31m[ERROR] SoapySDR::loadModule(/usr/local/lib/SoapySDR/modules0.7/librtlsdrSupport.so)
  duplicate entry for rtlsdr (/usr/lib/x86_64-linux-gnu/SoapySDR/modules0.7/librtlsdrSupport.so)[0m
Found Rafael Micro R820T tuner
Found Rafael Micro R820T tuner
Exact sample rate is: 2000000.052982 Hz
[INFO] Using format CF32.
Allocating 15 zero-copy buffers
2022-05-26T14:13:34+02:00 | nb_msg_true : 999 | nb_msg_detected : 98280
2022-05-26T14:13:34+02:00 | nb_msg_true : 999 | nb_msg_detected : 98280
2022-05-26T14:13:34+02:00 | nb_msg_true : 999 | nb_msg_detected : 98280
cb transfer status: 5, canceling...
cb transfer status: 5, canceling...
cb transfer status: 5, canceling...
cb transfer status: 5, canceling...
cb transfer status: 5, canceling...
cb transfer status: 5, canceling...
cb transfer status: 5, canceling...
cb transfer status: 5, canceling...
cb transfer status: 5, canceling...
cb transfer status: 5, canceling...
cb transfer status: 5, canceling...
cb transfer status: 5, canceling...
cb transfer status: 5, canceling...
cb transfer status: 5, canceling...
